# JRE version: OpenJDK Runtime Environment (8.0_242-b01) (build 1.8.0_242-release-1644-b01)
# Java VM: OpenJDK 64-Bit Server VM (25.242-b01 mixed mode windows-amd64 compressed oops)
Heap:
 PSYoungGen      total 248832K, used 149612K [0x00000000e0000000, 0x00000000f3e80000, 0x0000000100000000)
  eden space 205312K, 72% used [0x00000000e0000000,0x00000000e921b018,0x00000000ec880000)
  from space 43520K, 0% used [0x00000000ecf80000,0x00000000ecf80000,0x00000000efa00000)
  to   space 60416K, 0% used [0x00000000f0380000,0x00000000f0380000,0x00000000f3e80000)
 ParOldGen       total 280064K, used 111748K [0x00000000a0000000, 0x00000000b1180000, 0x00000000e0000000)
  object space 280064K, 39% used [0x00000000a0000000,0x00000000a6d211f0,0x00000000b1180000)
 Metaspace       used 103842K, capacity 108300K, committed 112512K, reserved 1146880K
  class space    used 13582K, capacity 14554K, committed 15232K, reserved 1048576K
GC Heap History (10 events):
Event: 4644.465 GC heap before
{Heap before GC invocations=26 (full 4):
 PSYoungGen      total 243712K, used 243642K [0x00000000e0000000, 0x00000000f3a00000, 0x0000000100000000)
  eden space 220160K, 100% used [0x00000000e0000000,0x00000000ed700000,0x00000000ed700000)
  from space 23552K, 99% used [0x00000000ede80000,0x00000000ef56eb48,0x00000000ef580000)
  to   space 50688K, 0% used [0x00000000f0880000,0x00000000f0880000,0x00000000f3a00000)
 ParOldGen       total 257536K, used 129530K [0x00000000a0000000, 0x00000000afb80000, 0x00000000e0000000)
  object space 257536K, 50% used [0x00000000a0000000,0x00000000a7e7ea98,0x00000000afb80000)
 Metaspace       used 101765K, capacity 106970K, committed 107264K, reserved 1142784K
  class space    used 13365K, capacity 14499K, committed 14592K, reserved 1048576K
Event: 4644.643 GC heap after
Heap after GC invocations=26 (full 4):
 PSYoungGen      total 263168K, used 40519K [0x00000000e0000000, 0x00000000f3c80000, 0x0000000100000000)
  eden space 212480K, 0% used [0x00000000e0000000,0x00000000e0000000,0x00000000ecf80000)
  from space 50688K, 79% used [0x00000000f0880000,0x00000000f3011ce8,0x00000000f3a00000)
  to   space 55808K, 0% used [0x00000000ecf80000,0x00000000ecf80000,0x00000000f0600000)
 ParOldGen       total 257536K, used 129538K [0x00000000a0000000, 0x00000000afb80000, 0x00000000e0000000)
  object space 257536K, 50% used [0x00000000a0000000,0x00000000a7e80a98,0x00000000afb80000)
 Metaspace       used 101765K, capacity 106970K, committed 107264K, reserved 1142784K
  class space    used 13365K, capacity 14499K, committed 14592K, reserved 1048576K
}
Event: 4932.231 GC heap before
{Heap before GC invocations=27 (full 4):
 PSYoungGen      total 263168K, used 252999K [0x00000000e0000000, 0x00000000f3c80000, 0x0000000100000000)
  eden space 212480K, 100% used [0x00000000e0000000,0x00000000ecf80000,0x00000000ecf80000)
  from space 50688K, 79% used [0x00000000f0880000,0x00000000f3011ce8,0x00000000f3a00000)
  to   space 55808K, 0% used [0x00000000ecf80000,0x00000000ecf80000,0x00000000f0600000)
 ParOldGen       total 257536K, used 129538K [0x00000000a0000000, 0x00000000afb80000, 0x00000000e0000000)
  object space 257536K, 50% used [0x00000000a0000000,0x00000000a7e80a98,0x00000000afb80000)
 Metaspace       used 106701K, capacity 112206K, committed 112256K, reserved 1146880K
  class space    used 14024K, capacity 15217K, committed 15232K, reserved 1048576K
Event: 4932.598 GC heap after
Heap after GC invocations=27 (full 4):
 PSYoungGen      total 248832K, used 43090K [0x00000000e0000000, 0x00000000f3e80000, 0x0000000100000000)
  eden space 205312K, 0% used [0x00000000e0000000,0x00000000e0000000,0x00000000ec880000)
  from space 43520K, 99% used [0x00000000ecf80000,0x00000000ef994a20,0x00000000efa00000)
  to   space 60416K, 0% used [0x00000000f0380000,0x00000000f0380000,0x00000000f3e80000)
 ParOldGen       total 257536K, used 129546K [0x00000000a0000000, 0x00000000afb80000, 0x00000000e0000000)
  object space 257536K, 50% used [0x00000000a0000000,0x00000000a7e82a98,0x00000000afb80000)
 Metaspace       used 106701K, capacity 112206K, committed 112256K, reserved 1146880K
  class space    used 14024K, capacity 15217K, committed 15232K, reserved 1048576K
}
Event: 4937.180 GC heap before
{Heap before GC invocations=28 (full 4):
 PSYoungGen      total 248832K, used 239793K [0x00000000e0000000, 0x00000000f3e80000, 0x0000000100000000)
  eden space 205312K, 95% used [0x00000000e0000000,0x00000000ec017cb8,0x00000000ec880000)
  from space 43520K, 99% used [0x00000000ecf80000,0x00000000ef994a20,0x00000000efa00000)
  to   space 60416K, 0% used [0x00000000f0380000,0x00000000f0380000,0x00000000f3e80000)
 ParOldGen       total 257536K, used 129546K [0x00000000a0000000, 0x00000000afb80000, 0x00000000e0000000)
  object space 257536K, 50% used [0x00000000a0000000,0x00000000a7e82a98,0x00000000afb80000)
 Metaspace       used 106829K, capacity 112346K, committed 112512K, reserved 1146880K
  class space    used 14032K, capacity 15219K, committed 15232K, reserved 1048576K
Event: 4937.348 GC heap after
Heap after GC invocations=28 (full 4):
 PSYoungGen      total 265728K, used 60395K [0x00000000e0000000, 0x00000000f3e80000, 0x0000000100000000)
  eden space 205312K, 0% used [0x00000000e0000000,0x00000000e0000000,0x00000000ec880000)
  from space 60416K, 99% used [0x00000000f0380000,0x00000000f3e7adb8,0x00000000f3e80000)
  to   space 43520K, 0% used [0x00000000ecf80000,0x00000000ecf80000,0x00000000efa00000)
 ParOldGen       total 257536K, used 190333K [0x00000000a0000000, 0x00000000afb80000, 0x00000000e0000000)
  object space 257536K, 73% used [0x00000000a0000000,0x00000000ab9df6c8,0x00000000afb80000)
 Metaspace       used 106829K, capacity 112346K, committed 112512K, reserved 1146880K
  class space    used 14032K, capacity 15219K, committed 15232K, reserved 1048576K
}
Event: 4940.759 GC heap before
{Heap before GC invocations=29 (full 4):
 PSYoungGen      total 265728K, used 265707K [0x00000000e0000000, 0x00000000f3e80000, 0x0000000100000000)
  eden space 205312K, 100% used [0x00000000e0000000,0x00000000ec880000,0x00000000ec880000)
  from space 60416K, 99% used [0x00000000f0380000,0x00000000f3e7adb8,0x00000000f3e80000)
  to   space 43520K, 0% used [0x00000000ecf80000,0x00000000ecf80000,0x00000000efa00000)
 ParOldGen       total 257536K, used 190333K [0x00000000a0000000, 0x00000000afb80000, 0x00000000e0000000)
  object space 257536K, 73% used [0x00000000a0000000,0x00000000ab9df6c8,0x00000000afb80000)
 Metaspace       used 106844K, capacity 112350K, committed 112512K, reserved 1146880K
  class space    used 14032K, capacity 15219K, committed 15232K, reserved 1048576K
Event: 4941.067 GC heap after
Heap after GC invocations=29 (full 4):
 PSYoungGen      total 248832K, used 43496K [0x00000000e0000000, 0x00000000f3e80000, 0x0000000100000000)
  eden space 205312K, 0% used [0x00000000e0000000,0x00000000e0000000,0x00000000ec880000)
  from space 43520K, 99% used [0x00000000ecf80000,0x00000000ef9fa3c0,0x00000000efa00000)
  to   space 60416K, 0% used [0x00000000f0380000,0x00000000f0380000,0x00000000f3e80000)
 ParOldGen       total 290816K, used 265870K [0x00000000a0000000, 0x00000000b1c00000, 0x00000000e0000000)
  object space 290816K, 91% used [0x00000000a0000000,0x00000000b03a39e8,0x00000000b1c00000)
 Metaspace       used 106844K, capacity 112350K, committed 112512K, reserved 1146880K
  class space    used 14032K, capacity 15219K, committed 15232K, reserved 1048576K
}
Event: 4941.067 GC heap before
{Heap before GC invocations=30 (full 5):
 PSYoungGen      total 248832K, used 43496K [0x00000000e0000000, 0x00000000f3e80000, 0x0000000100000000)
  eden space 205312K, 0% used [0x00000000e0000000,0x00000000e0000000,0x00000000ec880000)
  from space 43520K, 99% used [0x00000000ecf80000,0x00000000ef9fa3c0,0x00000000efa00000)
  to   space 60416K, 0% used [0x00000000f0380000,0x00000000f0380000,0x00000000f3e80000)
 ParOldGen       total 290816K, used 265870K [0x00000000a0000000, 0x00000000b1c00000, 0x00000000e0000000)
  object space 290816K, 91% used [0x00000000a0000000,0x00000000b03a39e8,0x00000000b1c00000)
 Metaspace       used 106844K, capacity 112350K, committed 112512K, reserved 1146880K
  class space    used 14032K, capacity 15219K, committed 15232K, reserved 1048576K
Event: 4945.408 GC heap after
Heap after GC invocations=30 (full 5):
 PSYoungGen      total 248832K, used 0K [0x00000000e0000000, 0x00000000f3e80000, 0x0000000100000000)
  eden space 205312K, 0% used [0x00000000e0000000,0x00000000e0000000,0x00000000ec880000)
  from space 43520K, 0% used [0x00000000ecf80000,0x00000000ecf80000,0x00000000efa00000)
  to   space 60416K, 0% used [0x00000000f0380000,0x00000000f0380000,0x00000000f3e80000)
 ParOldGen       total 280064K, used 111748K [0x00000000a0000000, 0x00000000b1180000, 0x00000000e0000000)
  object space 280064K, 39% used [0x00000000a0000000,0x00000000a6d211f0,0x00000000b1180000)
 Metaspace       used 103839K, capacity 108300K, committed 112512K, reserved 1146880K
  class space    used 13582K, capacity 14554K, committed 15232K, reserved 1048576K
}

