# JRE version: OpenJDK Runtime Environment (8.0_242-b01) (build 1.8.0_242-release-1644-b01)
# Java VM: OpenJDK 64-Bit Server VM (25.242-b01 mixed mode windows-amd64 compressed oops)
Heap:
 PSYoungGen      total 294400K, used 15292K [0x00000000e0000000, 0x00000000f3580000, 0x0000000100000000)
  eden space 273408K, 5% used [0x00000000e0000000,0x00000000e0eef3f0,0x00000000f0b00000)
  from space 20992K, 0% used [0x00000000f0b00000,0x00000000f0b00000,0x00000000f1f80000)
  to   space 15360K, 0% used [0x00000000f1f80000,0x00000000f1f80000,0x00000000f2e80000)
 ParOldGen       total 111104K, used 31778K [0x00000000a0000000, 0x00000000a6c80000, 0x00000000e0000000)
  object space 111104K, 28% used [0x00000000a0000000,0x00000000a1f08960,0x00000000a6c80000)
 Metaspace       used 58067K, capacity 59826K, committed 59924K, reserved 1101824K
  class space    used 7676K, capacity 8171K, committed 8212K, reserved 1048576K
GC Heap History (10 events):
Event: 27.738 GC heap before
{Heap before GC invocations=10 (full 2):
 PSYoungGen      total 201216K, used 9841K [0x00000000e0000000, 0x00000000ed300000, 0x0000000100000000)
  eden space 188416K, 0% used [0x00000000e0000000,0x00000000e0000000,0x00000000eb800000)
  from space 12800K, 76% used [0x00000000ec680000,0x00000000ed01c578,0x00000000ed300000)
  to   space 13824K, 0% used [0x00000000eb800000,0x00000000eb800000,0x00000000ec580000)
 ParOldGen       total 62464K, used 7788K [0x00000000a0000000, 0x00000000a3d00000, 0x00000000e0000000)
  object space 62464K, 12% used [0x00000000a0000000,0x00000000a079b320,0x00000000a3d00000)
 Metaspace       used 34531K, capacity 35122K, committed 35416K, reserved 1079296K
  class space    used 4693K, capacity 4870K, committed 4952K, reserved 1048576K
Event: 27.866 GC heap after
Heap after GC invocations=10 (full 2):
 PSYoungGen      total 201216K, used 0K [0x00000000e0000000, 0x00000000ed300000, 0x0000000100000000)
  eden space 188416K, 0% used [0x00000000e0000000,0x00000000e0000000,0x00000000eb800000)
  from space 12800K, 0% used [0x00000000ec680000,0x00000000ec680000,0x00000000ed300000)
  to   space 13824K, 0% used [0x00000000eb800000,0x00000000eb800000,0x00000000ec580000)
 ParOldGen       total 78848K, used 16495K [0x00000000a0000000, 0x00000000a4d00000, 0x00000000e0000000)
  object space 78848K, 20% used [0x00000000a0000000,0x00000000a101bdf8,0x00000000a4d00000)
 Metaspace       used 34531K, capacity 35122K, committed 35416K, reserved 1079296K
  class space    used 4693K, capacity 4870K, committed 4952K, reserved 1048576K
}
Event: 35.591 GC heap before
{Heap before GC invocations=11 (full 2):
 PSYoungGen      total 201216K, used 188416K [0x00000000e0000000, 0x00000000ed300000, 0x0000000100000000)
  eden space 188416K, 100% used [0x00000000e0000000,0x00000000eb800000,0x00000000eb800000)
  from space 12800K, 0% used [0x00000000ec680000,0x00000000ec680000,0x00000000ed300000)
  to   space 13824K, 0% used [0x00000000eb800000,0x00000000eb800000,0x00000000ec580000)
 ParOldGen       total 78848K, used 16495K [0x00000000a0000000, 0x00000000a4d00000, 0x00000000e0000000)
  object space 78848K, 20% used [0x00000000a0000000,0x00000000a101bdf8,0x00000000a4d00000)
 Metaspace       used 46321K, capacity 47458K, committed 47960K, reserved 1091584K
  class space    used 6008K, capacity 6361K, committed 6488K, reserved 1048576K
Event: 35.609 GC heap after
Heap after GC invocations=11 (full 2):
 PSYoungGen      total 202240K, used 13761K [0x00000000e0000000, 0x00000000f2e80000, 0x0000000100000000)
  eden space 188416K, 0% used [0x00000000e0000000,0x00000000e0000000,0x00000000eb800000)
  from space 13824K, 99% used [0x00000000eb800000,0x00000000ec570538,0x00000000ec580000)
  to   space 15360K, 0% used [0x00000000f1f80000,0x00000000f1f80000,0x00000000f2e80000)
 ParOldGen       total 78848K, used 16503K [0x00000000a0000000, 0x00000000a4d00000, 0x00000000e0000000)
  object space 78848K, 20% used [0x00000000a0000000,0x00000000a101ddf8,0x00000000a4d00000)
 Metaspace       used 46321K, capacity 47458K, committed 47960K, reserved 1091584K
  class space    used 6008K, capacity 6361K, committed 6488K, reserved 1048576K
}
Event: 40.186 GC heap before
{Heap before GC invocations=12 (full 2):
 PSYoungGen      total 202240K, used 202177K [0x00000000e0000000, 0x00000000f2e80000, 0x0000000100000000)
  eden space 188416K, 100% used [0x00000000e0000000,0x00000000eb800000,0x00000000eb800000)
  from space 13824K, 99% used [0x00000000eb800000,0x00000000ec570538,0x00000000ec580000)
  to   space 15360K, 0% used [0x00000000f1f80000,0x00000000f1f80000,0x00000000f2e80000)
 ParOldGen       total 78848K, used 16503K [0x00000000a0000000, 0x00000000a4d00000, 0x00000000e0000000)
  object space 78848K, 20% used [0x00000000a0000000,0x00000000a101ddf8,0x00000000a4d00000)
 Metaspace       used 56531K, capacity 58284K, committed 58584K, reserved 1099776K
  class space    used 7434K, capacity 7894K, committed 7896K, reserved 1048576K
Event: 40.221 GC heap after
Heap after GC invocations=12 (full 2):
 PSYoungGen      total 288768K, used 15343K [0x00000000e0000000, 0x00000000f3580000, 0x0000000100000000)
  eden space 273408K, 0% used [0x00000000e0000000,0x00000000e0000000,0x00000000f0b00000)
  from space 15360K, 99% used [0x00000000f1f80000,0x00000000f2e7bd18,0x00000000f2e80000)
  to   space 20992K, 0% used [0x00000000f0b00000,0x00000000f0b00000,0x00000000f1f80000)
 ParOldGen       total 78848K, used 26548K [0x00000000a0000000, 0x00000000a4d00000, 0x00000000e0000000)
  object space 78848K, 33% used [0x00000000a0000000,0x00000000a19ed3f8,0x00000000a4d00000)
 Metaspace       used 56531K, capacity 58284K, committed 58584K, reserved 1099776K
  class space    used 7434K, capacity 7894K, committed 7896K, reserved 1048576K
}
Event: 40.582 GC heap before
{Heap before GC invocations=13 (full 2):
 PSYoungGen      total 288768K, used 25563K [0x00000000e0000000, 0x00000000f3580000, 0x0000000100000000)
  eden space 273408K, 3% used [0x00000000e0000000,0x00000000e09fb028,0x00000000f0b00000)
  from space 15360K, 99% used [0x00000000f1f80000,0x00000000f2e7bd18,0x00000000f2e80000)
  to   space 20992K, 0% used [0x00000000f0b00000,0x00000000f0b00000,0x00000000f1f80000)
 ParOldGen       total 78848K, used 26548K [0x00000000a0000000, 0x00000000a4d00000, 0x00000000e0000000)
  object space 78848K, 33% used [0x00000000a0000000,0x00000000a19ed3f8,0x00000000a4d00000)
 Metaspace       used 57206K, capacity 58970K, committed 59028K, reserved 1099776K
  class space    used 7560K, capacity 8071K, committed 8084K, reserved 1048576K
Event: 40.620 GC heap after
Heap after GC invocations=13 (full 2):
 PSYoungGen      total 294400K, used 1156K [0x00000000e0000000, 0x00000000f3580000, 0x0000000100000000)
  eden space 273408K, 0% used [0x00000000e0000000,0x00000000e0000000,0x00000000f0b00000)
  from space 20992K, 5% used [0x00000000f0b00000,0x00000000f0c212f0,0x00000000f1f80000)
  to   space 15360K, 0% used [0x00000000f1f80000,0x00000000f1f80000,0x00000000f2e80000)
 ParOldGen       total 78848K, used 41803K [0x00000000a0000000, 0x00000000a4d00000, 0x00000000e0000000)
  object space 78848K, 53% used [0x00000000a0000000,0x00000000a28d2c88,0x00000000a4d00000)
 Metaspace       used 57206K, capacity 58970K, committed 59028K, reserved 1099776K
  class space    used 7560K, capacity 8071K, committed 8084K, reserved 1048576K
}
Event: 40.620 GC heap before
{Heap before GC invocations=14 (full 3):
 PSYoungGen      total 294400K, used 1156K [0x00000000e0000000, 0x00000000f3580000, 0x0000000100000000)
  eden space 273408K, 0% used [0x00000000e0000000,0x00000000e0000000,0x00000000f0b00000)
  from space 20992K, 5% used [0x00000000f0b00000,0x00000000f0c212f0,0x00000000f1f80000)
  to   space 15360K, 0% used [0x00000000f1f80000,0x00000000f1f80000,0x00000000f2e80000)
 ParOldGen       total 78848K, used 41803K [0x00000000a0000000, 0x00000000a4d00000, 0x00000000e0000000)
  object space 78848K, 53% used [0x00000000a0000000,0x00000000a28d2c88,0x00000000a4d00000)
 Metaspace       used 57206K, capacity 58970K, committed 59028K, reserved 1099776K
  class space    used 7560K, capacity 8071K, committed 8084K, reserved 1048576K
Event: 41.003 GC heap after
Heap after GC invocations=14 (full 3):
 PSYoungGen      total 294400K, used 0K [0x00000000e0000000, 0x00000000f3580000, 0x0000000100000000)
  eden space 273408K, 0% used [0x00000000e0000000,0x00000000e0000000,0x00000000f0b00000)
  from space 20992K, 0% used [0x00000000f0b00000,0x00000000f0b00000,0x00000000f1f80000)
  to   space 15360K, 0% used [0x00000000f1f80000,0x00000000f1f80000,0x00000000f2e80000)
 ParOldGen       total 111104K, used 31778K [0x00000000a0000000, 0x00000000a6c80000, 0x00000000e0000000)
  object space 111104K, 28% used [0x00000000a0000000,0x00000000a1f08960,0x00000000a6c80000)
 Metaspace       used 57164K, capacity 58850K, committed 59028K, reserved 1099776K
  class space    used 7549K, capacity 8031K, committed 8084K, reserved 1048576K
}

